proguard/seeds.txt
org.hjin.upoa.R$animator: int loading
org.hjin.upoa.R$animator: int slide_in_left
org.hjin.upoa.R$animator: int slide_out_right
org.hjin.upoa.R$array: int daily_position_array
org.hjin.upoa.R$array: int daily_type_array
org.hjin.upoa.R$array: int daily_typevalue_array
org.hjin.upoa.R$array: int planets_array
org.hjin.upoa.R$attr: int exampleColor
org.hjin.upoa.R$attr: int exampleDimension
org.hjin.upoa.R$attr: int exampleDrawable
org.hjin.upoa.R$attr: int exampleString
org.hjin.upoa.R$color: int txt_white
org.hjin.upoa.R$color: int ultra_black
org.hjin.upoa.R$color: int ultra_blue
org.hjin.upoa.R$color: int ultra_blue2
org.hjin.upoa.R$color: int ultra_gray
org.hjin.upoa.R$color: int ultra_gray2
org.hjin.upoa.R$color: int ultra_gray3
org.hjin.upoa.R$color: int ultra_gray4
org.hjin.upoa.R$color: int ultra_gray5
org.hjin.upoa.R$color: int ultra_green
org.hjin.upoa.R$color: int ultra_light_blue
org.hjin.upoa.R$color: int ultra_light_green
org.hjin.upoa.R$color: int ultra_red
org.hjin.upoa.R$drawable: int about
org.hjin.upoa.R$drawable: int bg_white
org.hjin.upoa.R$drawable: int blue_circle
org.hjin.upoa.R$drawable: int common_card_background
org.hjin.upoa.R$drawable: int content_bg
org.hjin.upoa.R$drawable: int content_bg2
org.hjin.upoa.R$drawable: int daily
org.hjin.upoa.R$drawable: int divider_line
org.hjin.upoa.R$drawable: int drawer_shadow
org.hjin.upoa.R$drawable: int email
org.hjin.upoa.R$drawable: int footer_line
org.hjin.upoa.R$drawable: int gray
org.hjin.upoa.R$drawable: int green
org.hjin.upoa.R$drawable: int home
org.hjin.upoa.R$drawable: int ic_action_edit
org.hjin.upoa.R$drawable: int ic_action_person
org.hjin.upoa.R$drawable: int ic_action_reply
org.hjin.upoa.R$drawable: int ic_action_search
org.hjin.upoa.R$drawable: int ic_begintime
org.hjin.upoa.R$drawable: int ic_drawer
org.hjin.upoa.R$drawable: int ic_endtime
org.hjin.upoa.R$drawable: int ic_launcher
org.hjin.upoa.R$drawable: int ic_listitem_arrow_right
org.hjin.upoa.R$drawable: int ic_project
org.hjin.upoa.R$drawable: int ic_pulltorefresh_arrow
org.hjin.upoa.R$drawable: int ic_pulltorefresh_arrow_up
org.hjin.upoa.R$drawable: int info
org.hjin.upoa.R$drawable: int info_email
org.hjin.upoa.R$drawable: int info_tel
org.hjin.upoa.R$drawable: int jo_button_green_square
org.hjin.upoa.R$drawable: int jo_drawer_listitem_enable_bg
org.hjin.upoa.R$drawable: int jo_listitem_enable_bg
org.hjin.upoa.R$drawable: int jo_login_edittext_bg
org.hjin.upoa.R$id: int action_newsmallnote
org.hjin.upoa.R$id: int action_search
org.hjin.upoa.R$id: int actionbar_search
org.hjin.upoa.R$id: int actionbar_search_btn
org.hjin.upoa.R$id: int baseLayout
org.hjin.upoa.R$id: int content_frame
org.hjin.upoa.R$id: int dailyList
org.hjin.upoa.R$id: int daily_begintime
org.hjin.upoa.R$id: int daily_begintime_area
org.hjin.upoa.R$id: int daily_begintime_icon
org.hjin.upoa.R$id: int daily_code
org.hjin.upoa.R$id: int daily_desc
org.hjin.upoa.R$id: int daily_desc_area
org.hjin.upoa.R$id: int daily_endtime
org.hjin.upoa.R$id: int daily_endtime_area
org.hjin.upoa.R$id: int daily_endtime_icon
org.hjin.upoa.R$id: int daily_name
org.hjin.upoa.R$id: int daily_project_area
org.hjin.upoa.R$id: int daily_project_icon
org.hjin.upoa.R$id: int daily_subject
org.hjin.upoa.R$id: int daily_time
org.hjin.upoa.R$id: int dailylist_load
org.hjin.upoa.R$id: int dailylist_pull_refresh_view
org.hjin.upoa.R$id: int datepicker
org.hjin.upoa.R$id: int datetimepicker_back
org.hjin.upoa.R$id: int datetimepicker_btn
org.hjin.upoa.R$id: int datetimepicker_submit
org.hjin.upoa.R$id: int datetimepicker_title
org.hjin.upoa.R$id: int dialogFragment_image
org.hjin.upoa.R$id: int dialogFragment_image_text
org.hjin.upoa.R$id: int dialogFragment_progress
org.hjin.upoa.R$id: int dialogFragment_tip
org.hjin.upoa.R$id: int drawer_layout
org.hjin.upoa.R$id: int drawer_linear
org.hjin.upoa.R$id: int drawer_text
...
android.support.v4.view.ViewPager: void setScrollState(int)
android.support.v4.view.ViewPager: void setAdapter(android.support.v4.view.PagerAdapter)
android.support.v4.view.ViewPager: android.support.v4.view.PagerAdapter getAdapter()
android.support.v4.view.ViewPager: void setOnAdapterChangeListener(android.support.v4.view.ViewPager$OnAdapterChangeListener)
android.support.v4.view.ViewPager: int getClientWidth()
android.support.v4.view.ViewPager: void setCurrentItem(int)
android.support.v4.view.ViewPager: int getCurrentItem()
android.support.v4.view.ViewPager: void setOnPageChangeListener(android.support.v4.view.ViewPager$OnPageChangeListener)
android.support.v4.view.ViewPager: void setChildrenDrawingOrderEnabledCompat(boolean)
android.support.v4.view.ViewPager: int getOffscreenPageLimit()
android.support.v4.view.ViewPager: void setOffscreenPageLimit(int)
android.support.v4.view.ViewPager: void setPageMargin(int)
android.support.v4.view.ViewPager: int getPageMargin()
android.support.v4.view.ViewPager: void setPageMarginDrawable(android.graphics.drawable.Drawable)
android.support.v4.view.ViewPager: void setPageMarginDrawable(int)
android.support.v4.view.ViewPager: void setScrollingCacheEnabled(boolean)
android.support.v4.view.ViewPager$SavedState
android.support.v4.view.ViewPager$SavedState: android.os.Parcelable$Creator CREATOR
android.support.v4.widget.DrawerLayout
android.support.v4.widget.DrawerLayout: DrawerLayout(android.content.Context)
android.support.v4.widget.DrawerLayout: DrawerLayout(android.content.Context,android.util.AttributeSet)
android.support.v4.widget.DrawerLayout: DrawerLayout(android.content.Context,android.util.AttributeSet,int)
android.support.v4.widget.DrawerLayout: void setScrimColor(int)
android.support.v4.widget.DrawerLayout: void setDrawerListener(android.support.v4.widget.DrawerLayout$DrawerListener)
android.support.v4.widget.DrawerLayout: void setDrawerLockMode(int)
android.support.v4.widget.DrawerLayout$SavedState
android.support.v4.widget.DrawerLayout$SavedState: android.os.Parcelable$Creator CREATOR
android.support.v4.widget.SlidingPaneLayout: void setParallaxDistance(int)
android.support.v4.widget.SlidingPaneLayout: int getParallaxDistance()
android.support.v4.widget.SlidingPaneLayout: void setSliderFadeColor(int)
android.support.v4.widget.SlidingPaneLayout: int getSliderFadeColor()
android.support.v4.widget.SlidingPaneLayout: void setCoveredFadeColor(int)
android.support.v4.widget.SlidingPaneLayout: int getCoveredFadeColor()
android.support.v4.widget.SlidingPaneLayout: void setPanelSlideListener(android.support.v4.widget.SlidingPaneLayout$PanelSlideListener)
android.support.v4.widget.SlidingPaneLayout: void setShadowDrawable(android.graphics.drawable.Drawable)
android.support.v4.widget.SlidingPaneLayout: void setShadowResource(int)
android.support.v4.widget.SlidingPaneLayout$SavedState
android.support.v4.widget.SlidingPaneLayout$SavedState: android.os.Parcelable$Creator CREATOR