proguard/mapping.txt
org.hjin.upoa.busi.BaseBusi -> org.hjin.upoa.a.a:
    java.lang.String TAG -> a
    android.os.Handler mHandler -> b
    android.app.Activity mActivity -> c
    void request(int,java.lang.String,org.hjin.upoa.util.net.MyParameters,java.lang.String,org.hjin.upoa.util.net.RequestListener) -> a
    void request4Binary(int,java.lang.String,org.hjin.upoa.util.net.MyParameters,java.lang.String,org.hjin.upoa.util.net.RequestListener) -> b
    void onComplete(java.lang.String,int) -> a
    void onComplete4binary(java.io.ByteArrayOutputStream,int) -> a
    void onIOException(java.io.IOException,int) -> a
    void onError(org.hjin.upoa.util.net.MyHttpException,int) -> a
    void setNoDataMsg(android.os.Message) -> a
org.hjin.upoa.busi.DailyBusi -> org.hjin.upoa.a.b:
    java.lang.String TAG -> d
    org.hjin.upoa.model.Daily mDaily -> e
    void getDailyList(int,int) -> a
    void getProList() -> a
    boolean validate1(org.hjin.upoa.model.Daily) -> a
    boolean validate2(org.hjin.upoa.model.Daily) -> b
    void checkCreateDate(org.hjin.upoa.model.Daily) -> c
    void checkProjNo(org.hjin.upoa.model.Daily) -> d
    void checkHour(org.hjin.upoa.model.Daily) -> e
    void postDaily(org.hjin.upoa.model.Daily) -> f
    java.lang.String getTyepCode(java.lang.String) -> a
    void onComplete(java.lang.String,int) -> a
    void onComplete4binary(java.io.ByteArrayOutputStream,int) -> a
org.hjin.upoa.busi.IndexBusi -> org.hjin.upoa.a.c:
    java.lang.String TAG -> d
    void getUserInfo() -> a
    void getUserHeaderInfo() -> b
    void getWaitDealSum() -> c
    void getDailyInfo() -> d
    void getWaitDealInfo() -> e
    void onComplete(java.lang.String,int) -> a
    void onComplete4binary(java.io.ByteArrayOutputStream,int) -> a
    void onError(org.hjin.upoa.util.net.MyHttpException,int) -> a
org.hjin.upoa.busi.InfoBusi -> org.hjin.upoa.a.d:
    java.lang.String TAG -> d
    void getInfoList(java.lang.String) -> a
    void onComplete(java.lang.String,int) -> a
    void onComplete4binary(java.io.ByteArrayOutputStream,int) -> a
org.hjin.upoa.busi.LoginBusi -> org.hjin.upoa.a.e:
    java.lang.String TAG -> d
    android.content.Context context -> e
    void loginBefore(java.lang.String,java.lang.String,org.hjin.upoa.busi.LoginBusi$LoginListener) -> a
    void login(java.lang.String,java.lang.String,java.lang.String,org.hjin.upoa.busi.LoginBusi$LoginListener) -> a
    java.lang.String readHttpResponse(org.apache.http.HttpResponse) -> c
    java.io.ByteArrayOutputStream readBytesFromHttpResponse(org.apache.http.HttpResponse) -> d
    java.lang.String access$0(org.apache.http.HttpResponse) -> a
    java.io.ByteArrayOutputStream access$1(org.apache.http.HttpResponse) -> b
org.hjin.upoa.busi.LoginBusi$1 -> org.hjin.upoa.a.f:
    org.hjin.upoa.busi.LoginBusi this$0 -> a
    java.lang.String val$username -> b
    org.hjin.upoa.busi.LoginBusi$LoginListener val$listener -> c
    void run() -> run
org.hjin.upoa.busi.LoginBusi$2 -> org.hjin.upoa.a.g:
    org.hjin.upoa.busi.LoginBusi this$0 -> a
    java.lang.String val$validateCode -> b
    java.lang.String val$username -> c
    java.lang.String val$password -> d
    org.hjin.upoa.busi.LoginBusi$LoginListener val$listener -> e
    void run() -> run
org.hjin.upoa.busi.LoginBusi$LoginListener -> org.hjin.upoa.a.h:
    void onValidateCode(java.io.ByteArrayOutputStream) -> a
    void onValidateCodeError() -> a
    void onCompleteLogin() -> b
    void onServerException() -> c
    void onNetException() -> d
org.hjin.upoa.busi.NewsBusi -> org.hjin.upoa.a.i:
    java.lang.String TAG -> d
    void getNewsList(int,int,java.lang.String) -> a
    void getNewsInfo(java.lang.String) -> a
    void onComplete(java.lang.String,int) -> a
    void onComplete4binary(java.io.ByteArrayOutputStream,int) -> a
...
com.baidu.android.pushservice.BasicPushNotificationBuilder$1 -> com.baidu.android.pushservice.BasicPushNotificationBuilder$1:
    android.content.Context a -> a
    com.baidu.android.pushservice.BasicPushNotificationBuilder b -> b
    void run() -> run
com.baidu.android.pushservice.CustomPushNotificationBuilder -> com.baidu.android.pushservice.CustomPushNotificationBuilder:
    boolean a -> a
    com.baidu.android.pushservice.apiproxy.BridgeCustomPushNotificationBuilder getInner() -> getInner
    void setLayoutDrawable(int) -> setLayoutDrawable
    android.app.Notification construct(android.content.Context) -> construct
    void setStatusbarIcon(int) -> setStatusbarIcon
    void setNotificationTitle(java.lang.String) -> setNotificationTitle
    void setNotificationText(java.lang.String) -> setNotificationText
    void setNotificationFlags(int) -> setNotificationFlags
    void setNotificationDefaults(int) -> setNotificationDefaults
    void setNotificationSound(android.net.Uri) -> setNotificationSound
    void setNotificationVibrate(long[]) -> setNotificationVibrate
    void a(int) -> a
    com.baidu.android.pushservice.apiproxy.BridgePushNotificationBuilder getInner() -> getInner
    boolean a(com.baidu.android.pushservice.CustomPushNotificationBuilder,boolean) -> a
    boolean a(com.baidu.android.pushservice.CustomPushNotificationBuilder) -> a
    void a(com.baidu.android.pushservice.CustomPushNotificationBuilder,int) -> a
com.baidu.android.pushservice.CustomPushNotificationBuilder$1 -> com.baidu.android.pushservice.CustomPushNotificationBuilder$1:
    android.content.Context a -> a
    int b -> b
    int c -> c
    int d -> d
    int e -> e
    com.baidu.android.pushservice.CustomPushNotificationBuilder f -> f
    void run() -> run
com.baidu.android.pushservice.CustomPushNotificationBuilder$2 -> com.baidu.android.pushservice.CustomPushNotificationBuilder$2:
    int a -> a
    com.baidu.android.pushservice.CustomPushNotificationBuilder b -> b
    void run() -> run
com.baidu.android.pushservice.CustomPushNotificationBuilder$3 -> com.baidu.android.pushservice.CustomPushNotificationBuilder$3:
    int a -> a
    com.baidu.android.pushservice.CustomPushNotificationBuilder b -> b
    void run() -> run
com.baidu.android.pushservice.CustomPushNotificationBuilder$4 -> com.baidu.android.pushservice.CustomPushNotificationBuilder$4:
    java.lang.String a -> a
    com.baidu.android.pushservice.CustomPushNotificationBuilder b -> b
    void run() -> run
com.baidu.android.pushservice.CustomPushNotificationBuilder$5 -> com.baidu.android.pushservice.CustomPushNotificationBuilder$5:
    java.lang.String a -> a
    com.baidu.android.pushservice.CustomPushNotificationBuilder b -> b
    void run() -> run
com.baidu.android.pushservice.CustomPushNotificationBuilder$6 -> com.baidu.android.pushservice.CustomPushNotificationBuilder$6:
    int a -> a
    com.baidu.android.pushservice.CustomPushNotificationBuilder b -> b
    void run() -> run
com.baidu.android.pushservice.CustomPushNotificationBuilder$7 -> com.baidu.android.pushservice.CustomPushNotificationBuilder$7:
    int a -> a
    com.baidu.android.pushservice.CustomPushNotificationBuilder b -> b
    void run() -> run
com.baidu.android.pushservice.CustomPushNotificationBuilder$8 -> com.baidu.android.pushservice.CustomPushNotificationBuilder$8:
    android.net.Uri a -> a
    com.baidu.android.pushservice.CustomPushNotificationBuilder b -> b
    void run() -> run
com.baidu.android.pushservice.CustomPushNotificationBuilder$9 -> com.baidu.android.pushservice.CustomPushNotificationBuilder$9:
    long[] a -> a
    com.baidu.android.pushservice.CustomPushNotificationBuilder b -> b
    void run() -> run