proguard/usage.txt
org.hjin.upoa.BuildConfig
org.hjin.upoa.R
org.hjin.upoa.R$animator
org.hjin.upoa.R$array
org.hjin.upoa.R$attr
org.hjin.upoa.R$color
org.hjin.upoa.R$drawable
org.hjin.upoa.R$id
org.hjin.upoa.R$layout
org.hjin.upoa.R$menu
org.hjin.upoa.R$string
org.hjin.upoa.R$style
org.hjin.upoa.R$styleable
org.hjin.upoa.R$xml
org.hjin.upoa.busi.BaseBusi:
    public static final int SHOWMESSAGE
    public static final java.lang.String HTTPMETHOD_POST
    public static final java.lang.String HTTPMETHOD_GET
org.hjin.upoa.busi.DailyBusi:
    public static final int GETDAILYLIST
    public static final int GETPROLIST
    public static final int CHECKPRONO
    public static final int CHECKHOUR
    public static final int POSTDAILY
    public static final int CHECKCREATEDATE
org.hjin.upoa.busi.IndexBusi:
    public static final int GETUSERINFO
    public static final int GETUSERHEADERINFO
    public static final int GETUSERHEADERINFO_F
    public static final int GETONLINESUM
    public static final int GETWAITDEALSUM
    public static final int GETDAILYINFO
    public static final int GETWAITDEALINFO
    59:60:public IndexBusi(android.os.Handler)
    88:91:public void getOnLineSum()
org.hjin.upoa.busi.InfoBusi:
    public static final int GETINFOLIST
org.hjin.upoa.busi.LoginBusi$LoginListener:
    public abstract void onStartLogin()
org.hjin.upoa.busi.NewsBusi:
    public static final int GETNEWSLIST
    public static final int GETNEWSINFO
org.hjin.upoa.busi.SmallNoteBusi:
    public static final int GETSMALLNOTELIST
    public static final int GETSMALLNOTEINFO
    public static final int SAVESMALLNOTE
    64:69:public void getSmallNoteInfo(java.lang.String)
org.hjin.upoa.constants.AppConstants:
    5:5:public AppConstants()
org.hjin.upoa.model.Daily:
    32:32:public java.lang.String getId()
org.hjin.upoa.model.Info:
    private static final long serialVersionUID
org.hjin.upoa.model.NewsInfo:
    private static final long serialVersionUID
org.hjin.upoa.model.SmallNote:
    private static final long serialVersionUID
    36:36:public java.lang.String getIndexid()
    78:78:public static long getSerialversionuid()
org.hjin.upoa.push.Utils:
    public static final java.lang.String TAG
    public static final java.lang.String RESPONSE_METHOD
    public static final java.lang.String RESPONSE_CONTENT
    public static final java.lang.String RESPONSE_ERRCODE
    protected static final java.lang.String ACTION_LOGIN
    public static final java.lang.String ACTION_MESSAGE
    public static final java.lang.String ACTION_RESPONSE
    public static final java.lang.String ACTION_SHOW_MESSAGE
    protected static final java.lang.String EXTRA_ACCESS_TOKEN
    public static final java.lang.String EXTRA_MESSAGE
    16:16:public Utils()
    32:50:public static java.lang.String getMetaValue(android.content.Context,java.lang.String)
    56:62:public static boolean hasBind(android.content.Context)
    78:93:public static java.util.List getTagsList(java.lang.String)
    98:99:public static java.lang.String getLogText(android.content.Context)
    104:108:public static void setLogText(android.content.Context,java.lang.String)
org.hjin.upoa.ui.LoginActivity:
    106:108:public void Login(java.lang.String)
    132:133:public void onStartLogin()
org.hjin.upoa.ui.MainActivity$PlanetFragment
org.hjin.upoa.ui.view.DateTimePickerDialogFragment:
    139:139:public void doBack(android.view.View)
    143:143:public void doClear(android.view.View)
org.hjin.upoa.ui.view.InfoListAdapter:
    71:73:public void append(java.util.List)
org.hjin.upoa.ui.view.NewsListAdapter:
    public static final int NEWSID
...
android.support.v4.app.FragmentPagerAdapter
android.support.v4.app.FragmentStatePagerAdapter
android.support.v4.app.FragmentTabHost:
    private android.widget.FrameLayout mRealTabContent
    130:132:public FragmentTabHost(android.content.Context)
    135:137:public FragmentTabHost(android.content.Context,android.util.AttributeSet)
    140:172:private void initFragmentTabHost(android.content.Context,android.util.AttributeSet)
    186:190:public void setup(android.content.Context,android.support.v4.app.FragmentManager)
    193:205:public void setup(android.content.Context,android.support.v4.app.FragmentManager,int)
    208:215:private void ensureContent()
    223:242:public void addTab(android.widget.TabHost$TabSpec,java.lang.Class,android.os.Bundle)
android.support.v4.app.FragmentTabHost$DummyTabFactory
android.support.v4.app.FragmentTabHost$TabInfo:
    67:71:FragmentTabHost$TabInfo(java.lang.String,java.lang.Class,android.os.Bundle)
android.support.v4.app.FragmentTransaction:
    public static final int TRANSIT_ENTER_MASK
    public static final int TRANSIT_EXIT_MASK
    public static final int TRANSIT_UNSET
    public static final int TRANSIT_NONE
    public static final int TRANSIT_FRAGMENT_OPEN
    public static final int TRANSIT_FRAGMENT_CLOSE
    public static final int TRANSIT_FRAGMENT_FADE
    public abstract android.support.v4.app.FragmentTransaction add(android.support.v4.app.Fragment,java.lang.String)
    public abstract android.support.v4.app.FragmentTransaction add(int,android.support.v4.app.Fragment)
    public abstract android.support.v4.app.FragmentTransaction replace(int,android.support.v4.app.Fragment)
    public abstract android.support.v4.app.FragmentTransaction replace(int,android.support.v4.app.Fragment,java.lang.String)
    public abstract android.support.v4.app.FragmentTransaction remove(android.support.v4.app.Fragment)
    public abstract android.support.v4.app.FragmentTransaction hide(android.support.v4.app.Fragment)
    public abstract android.support.v4.app.FragmentTransaction show(android.support.v4.app.Fragment)
    public abstract boolean isEmpty()
    public abstract android.support.v4.app.FragmentTransaction setCustomAnimations(int,int)
    public abstract android.support.v4.app.FragmentTransaction setCustomAnimations(int,int,int,int)
    public abstract android.support.v4.app.FragmentTransaction setTransition(int)
android.support.v4.app.ListFragment
android.support.v4.app.ListFragment$1
android.support.v4.app.ListFragment$2
android.support.v4.app.LoaderManager:
    public abstract android.support.v4.content.Loader initLoader(int,android.os.Bundle,android.support.v4.app.LoaderManager$LoaderCallbacks)
    public abstract android.support.v4.content.Loader restartLoader(int,android.os.Bundle,android.support.v4.app.LoaderManager$LoaderCallbacks)
    public abstract void destroyLoader(int)
    public abstract android.support.v4.content.Loader getLoader(int)
    public abstract void dump(java.lang.String,java.io.FileDescriptor,java.io.PrintWriter,java.lang.String[])
    177:178:public static void enableDebugLogging(boolean)